#! /home/EDA/install/bin/vvp
:ivl_version "11.0 (devel)" "(s20150603-943-g10685ed8)";
:ivl_delay_selection "TYPICAL";
:vpi_time_precision + 0;
:vpi_module "/home/EDA/install/lib/ivl/system.vpi";
:vpi_module "/home/EDA/install/lib/ivl/vhdl_sys.vpi";
:vpi_module "/home/EDA/install/lib/ivl/vhdl_textio.vpi";
:vpi_module "/home/EDA/install/lib/ivl/v2005_math.vpi";
:vpi_module "/home/EDA/install/lib/ivl/va_math.vpi";
S_0x55a64516dc00 .scope module, "counter10" "counter10" 2 1;
 .timescale 0 0;
    .port_info 0 /INPUT 1 "rstn";
    .port_info 1 /INPUT 1 "clk";
    .port_info 2 /OUTPUT 4 "cnt";
    .port_info 3 /OUTPUT 1 "cout";
L_0x7f6d65488018 .functor BUFT 1, C4<01001>, C4<0>, C4<0>, C4<0>;
v0x55a64516b990_0 .net/2u *"_ivl_0", 4 0, L_0x7f6d65488018;  1 drivers
v0x55a64516c150_0 .var "a", 4 0;
o0x7f6d654d1078 .functor BUFZ 1, C4<z>; HiZ drive
v0x55a64516cac0_0 .net "clk", 0 0, o0x7f6d654d1078;  0 drivers
v0x55a645194620_0 .net "cnt", 3 0, L_0x55a645194c00;  1 drivers
v0x55a645194700_0 .var "cnt_temp", 4 0;
v0x55a645194830_0 .net "cout", 0 0, L_0x55a645194b10;  1 drivers
v0x55a6451948f0_0 .var/i "i", 31 0;
o0x7f6d654d1168 .functor BUFZ 1, C4<z>; HiZ drive
v0x55a6451949d0_0 .net "rstn", 0 0, o0x7f6d654d1168;  0 drivers
E_0x55a64517e730 .event posedge, v0x55a64516cac0_0;
E_0x55a6451463a0/0 .event negedge, v0x55a6451949d0_0;
E_0x55a6451463a0/1 .event posedge, v0x55a64516cac0_0;
E_0x55a6451463a0 .event/or E_0x55a6451463a0/0, E_0x55a6451463a0/1;
L_0x55a645194b10 .cmp/eq 5, v0x55a645194700_0, L_0x7f6d65488018;
L_0x55a645194c00 .part v0x55a645194700_0, 0, 4;
    .scope S_0x55a64516dc00;
T_0 ;
    %wait E_0x55a6451463a0;
    %load/vec4 v0x55a6451949d0_0;
    %nor/r;
    %flag_set/vec4 8;
    %jmp/0xz  T_0.0, 8;
    %pushi/vec4 0, 0, 4;
    %ix/load 4, 0, 0;
    %ix/load 5, 0, 0;
    %flag_set/imm 4, 0;
    %assign/vec4/off/d v0x55a645194700_0, 4, 5;
    %pushi/vec4 1, 0, 5;
    %assign/vec4 v0x55a64516c150_0, 0;
    %jmp T_0.1;
T_0.0 ;
    %pushi/vec4 0, 0, 2;
    %ix/load 4, 3, 0;
    %ix/load 5, 0, 0;
    %flag_set/imm 4, 0;
    %assign/vec4/off/d v0x55a645194700_0, 4, 5;
    %pushi/vec4 2, 0, 5;
    %assign/vec4 v0x55a64516c150_0, 0;
T_0.1 ;
    %pushi/vec4 10, 0, 5;
    %assign/vec4 v0x55a64516c150_0, 0;
    %pushi/vec4 1, 0, 5;
    %assign/vec4 v0x55a645194700_0, 0;
    %jmp T_0;
    .thread T_0;
    .scope S_0x55a64516dc00;
T_1 ;
    %wait E_0x55a64517e730;
    %pushi/vec4 20, 0, 5;
    %assign/vec4 v0x55a64516c150_0, 0;
    %jmp T_1;
    .thread T_1;
    .scope S_0x55a64516dc00;
T_2 ;
    %wait E_0x55a64517e730;
    %pushi/vec4 1, 0, 1;
    %ix/load 4, 4, 0;
    %ix/load 5, 0, 0;
    %flag_set/imm 4, 0;
    %assign/vec4/off/d v0x55a64516c150_0, 4, 5;
    %pushi/vec4 0, 0, 1;
    %ix/load 4, 3, 0;
    %ix/load 5, 0, 0;
    %flag_set/imm 4, 0;
    %assign/vec4/off/d v0x55a64516c150_0, 4, 5;
    %pushi/vec4 0, 0, 5;
    %assign/vec4 v0x55a645194700_0, 0;
    %jmp T_2;
    .thread T_2;
    .scope S_0x55a64516dc00;
T_3 ;
    %wait E_0x55a64517e730;
    %pushi/vec4 0, 0, 32;
    %store/vec4 v0x55a6451948f0_0, 0, 32;
T_3.0 ;
    %load/vec4 v0x55a6451948f0_0;
    %cmpi/s 3, 0, 32;
    %jmp/0xz T_3.1, 5;
    %pushi/vec4 0, 0, 1;
    %ix/load 5, 0, 0;
    %ix/getv/s 4, v0x55a6451948f0_0;
    %assign/vec4/off/d v0x55a64516c150_0, 4, 5;
    ; show_stmt_assign_vector: Get l-value for compressed += operand
    %load/vec4 v0x55a6451948f0_0;
    %pushi/vec4 1, 0, 32;
    %add;
    %store/vec4 v0x55a6451948f0_0, 0, 32;
    %jmp T_3.0;
T_3.1 ;
    %jmp T_3;
    .thread T_3;
    .scope S_0x55a64516dc00;
T_4 ;
    %wait E_0x55a64517e730;
    %pushi/vec4 1, 0, 32;
    %store/vec4 v0x55a6451948f0_0, 0, 32;
T_4.0 ;
    %load/vec4 v0x55a6451948f0_0;
    %cmpi/s 4, 0, 32;
    %jmp/0xz T_4.1, 5;
    %pushi/vec4 1, 0, 1;
    %ix/load 5, 0, 0;
    %ix/getv/s 4, v0x55a6451948f0_0;
    %assign/vec4/off/d v0x55a64516c150_0, 4, 5;
    ; show_stmt_assign_vector: Get l-value for compressed += operand
    %load/vec4 v0x55a6451948f0_0;
    %pushi/vec4 1, 0, 32;
    %add;
    %store/vec4 v0x55a6451948f0_0, 0, 32;
    %jmp T_4.0;
T_4.1 ;
    %jmp T_4;
    .thread T_4;
# The file index is used to find the file name in the following table.
:file_names 3;
    "N/A";
    "<interactive>";
    "hello.v";
